Using pre-set license
Built from '2020.3/staging' branch; Version is '2020.3.0f1 (c7b5465681fb) revision 13088070'; Using compiler version '192528614'; Build Type 'Release'
OS: 'Windows 10 Home; OS build 19043.1165; Version 2009; 64bit' Language: 'en' Physical Memory: 16343 MB
BatchMode: 1, IsHumanControllingUs: 0, StartBugReporterOnCrash: 0, Is64bit: 1, IsPro: 0

 COMMAND LINE ARGUMENTS:
C:\Program Files\Unity\Hub\Editor\2020.3.0f1\Editor\Unity.exe
-adb2
-batchMode
-noUpm
-name
AssetImportWorker0
-projectPath
D:/Unity2/Projects/Ball Bounce
-logFile
Logs/AssetImportWorker0.log
-srvPort
54814
Successfully changed project path to: D:/Unity2/Projects/Ball Bounce
D:/Unity2/Projects/Ball Bounce
Using Asset Import Pipeline V2.
Refreshing native plugins compatible for Editor in 59.56 ms, found 0 plugins.
Preloading 0 native plugins for Editor in 0.00 ms.
Initialize engine version: 2020.3.0f1 (c7b5465681fb)
[Subsystems] Discovering subsystems at path C:/Program Files/Unity/Hub/Editor/2020.3.0f1/Editor/Data/Resources/UnitySubsystems
[Subsystems] Discovering subsystems at path D:/Unity2/Projects/Ball Bounce/Assets
GfxDevice: creating device client; threaded=0
Direct3D:
    Version:  Direct3D 11.0 [level 11.1]
    Renderer: NVIDIA GeForce RTX 2070 (ID=0x1f02)
    Vendor:   
    VRAM:     8031 MB
    Driver:   27.21.14.6627
Initialize mono
Mono path[0] = 'C:/Program Files/Unity/Hub/Editor/2020.3.0f1/Editor/Data/Managed'
Mono path[1] = 'C:/Program Files/Unity/Hub/Editor/2020.3.0f1/Editor/Data/MonoBleedingEdge/lib/mono/unityjit'
Mono config path = 'C:/Program Files/Unity/Hub/Editor/2020.3.0f1/Editor/Data/MonoBleedingEdge/etc'
Using monoOptions --debugger-agent=transport=dt_socket,embedding=1,server=y,suspend=n,address=127.0.0.1:56192
Begin MonoManager ReloadAssembly
Registering precompiled unity dll's ...
Register platform support module: C:/Program Files/Unity/Hub/Editor/2020.3.0f1/Editor/Data/PlaybackEngines/WindowsStandaloneSupport/UnityEditor.WindowsStandalone.Extensions.dll
Registered in 0.002120 seconds.
Native extension for WindowsStandalone target not found
Refreshing native plugins compatible for Editor in 61.51 ms, found 0 plugins.
Preloading 0 native plugins for Editor in 0.00 ms.
Invoked RoslynAnalysisRunner static constructor.
RoslynAnalysisRunner will not be running.
RoslynAnalysisRunner has terminated.
Mono: successfully reloaded assembly
- Completed reload, in  1.741 seconds
Platform modules already initialized, skipping
Registering precompiled user dll's ...
Registered in 0.000960 seconds.
Begin MonoManager ReloadAssembly
Native extension for WindowsStandalone target not found
Refreshing native plugins compatible for Editor in 79.20 ms, found 0 plugins.
Preloading 0 native plugins for Editor in 0.00 ms.
Invoked RoslynAnalysisRunner static constructor.
RoslynAnalysisRunner will not be running.
RoslynAnalysisRunner has terminated.
Mono: successfully reloaded assembly
- Completed reload, in  1.069 seconds
Platform modules already initialized, skipping
========================================================================
Worker process is ready to serve import requests
Launched and connected shader compiler UnityShaderCompiler.exe after 0.04 seconds
Refreshing native plugins compatible for Editor in 1.04 ms, found 0 plugins.
Preloading 0 native plugins for Editor in 0.00 ms.
Unloading 3477 Unused Serialized files (Serialized files now loaded: 0)
System memory in use before: 243.4 MB.
System memory in use after: 243.6 MB.

Unloading 10 unused Assets to reduce memory usage. Loaded Objects now: 3934.
Total: 4.027400 ms (FindLiveObjects: 0.453700 ms CreateObjectMapping: 0.387000 ms MarkObjects: 3.104600 ms  DeleteObjects: 0.080600 ms)

========================================================================
Received Import Request.
  path: Assets/Scenes/Level 16.unity
  artifactKey: Guid(050f147531fbb7b4ab80132caaa08364) Importer(815301076,1909f56bfc062723c751e8b465ee728b)
Start importing Assets/Scenes/Level 16.unity using Guid(050f147531fbb7b4ab80132caaa08364) Importer(815301076,1909f56bfc062723c751e8b465ee728b)  -> (artifact id: 'a554b8cafb014b87b23b98fe7690245c') in 0.020141 seconds
  Import took 0.027745 seconds .

========================================================================
Received Import Request.
  Time since last request: 0.000223 seconds.
  path: Assets/Scenes/Level 17.unity
  artifactKey: Guid(7d3f242ce75a0294e96f4e456196cecc) Importer(815301076,1909f56bfc062723c751e8b465ee728b)
Start importing Assets/Scenes/Level 17.unity using Guid(7d3f242ce75a0294e96f4e456196cecc) Importer(815301076,1909f56bfc062723c751e8b465ee728b)  -> (artifact id: '8587258a99b30682e2f131e2597c9171') in 0.006964 seconds
  Import took 0.014311 seconds .

========================================================================
Received Import Request.
  Time since last request: 1.477962 seconds.
  path: Assets/Scenes/Level 18.unity
  artifactKey: Guid(8f761811c32241f4a9f1875abe0eb99d) Importer(815301076,1909f56bfc062723c751e8b465ee728b)
Start importing Assets/Scenes/Level 18.unity using Guid(8f761811c32241f4a9f1875abe0eb99d) Importer(815301076,1909f56bfc062723c751e8b465ee728b)  -> (artifact id: '2d8064e66e3b3ec7e20c11d3d6897359') in 0.005241 seconds
  Import took 0.009832 seconds .

========================================================================
Received Prepare
Registering precompiled user dll's ...
Registered in 0.001009 seconds.
Begin MonoManager ReloadAssembly
Native extension for WindowsStandalone target not found
Refreshing native plugins compatible for Editor in 0.44 ms, found 0 plugins.
Preloading 0 native plugins for Editor in 0.00 ms.
Invoked RoslynAnalysisRunner static constructor.
RoslynAnalysisRunner will not be running.
RoslynAnalysisRunner has terminated.
Mono: successfully reloaded assembly
- Completed reload, in  0.890 seconds
Platform modules already initialized, skipping
Refreshing native plugins compatible for Editor in 0.52 ms, found 0 plugins.
Preloading 0 native plugins for Editor in 0.00 ms.
Unloading 3178 Unused Serialized files (Serialized files now loaded: 0)
System memory in use before: 228.8 MB.
System memory in use after: 229.0 MB.

Unloading 5 unused Assets to reduce memory usage. Loaded Objects now: 3937.
Total: 2.155700 ms (FindLiveObjects: 0.313700 ms CreateObjectMapping: 0.165500 ms MarkObjects: 1.661600 ms  DeleteObjects: 0.013800 ms)

========================================================================
Received Prepare
Registering precompiled user dll's ...
Registered in 0.001032 seconds.
Begin MonoManager ReloadAssembly
Native extension for WindowsStandalone target not found
Refreshing native plugins compatible for Editor in 0.46 ms, found 0 plugins.
Preloading 0 native plugins for Editor in 0.00 ms.
Invoked RoslynAnalysisRunner static constructor.
RoslynAnalysisRunner will not be running.
RoslynAnalysisRunner has terminated.
Mono: successfully reloaded assembly
- Completed reload, in  0.879 seconds
Platform modules already initialized, skipping
Refreshing native plugins compatible for Editor in 0.66 ms, found 0 plugins.
Preloading 0 native plugins for Editor in 0.00 ms.
Unloading 3178 Unused Serialized files (Serialized files now loaded: 0)
System memory in use before: 228.9 MB.
System memory in use after: 229.1 MB.

Unloading 5 unused Assets to reduce memory usage. Loaded Objects now: 3940.
Total: 2.300000 ms (FindLiveObjects: 0.364400 ms CreateObjectMapping: 0.171500 ms MarkObjects: 1.748600 ms  DeleteObjects: 0.014400 ms)

========================================================================
Received Prepare
Registering precompiled user dll's ...
Registered in 0.001009 seconds.
Begin MonoManager ReloadAssembly
Native extension for WindowsStandalone target not found
Refreshing native plugins compatible for Editor in 0.47 ms, found 0 plugins.
Preloading 0 native plugins for Editor in 0.00 ms.
Invoked RoslynAnalysisRunner static constructor.
RoslynAnalysisRunner will not be running.
RoslynAnalysisRunner has terminated.
Mono: successfully reloaded assembly
- Completed reload, in  0.927 seconds
Platform modules already initialized, skipping
Refreshing native plugins compatible for Editor in 0.79 ms, found 0 plugins.
Preloading 0 native plugins for Editor in 0.00 ms.
Unloading 3178 Unused Serialized files (Serialized files now loaded: 0)
System memory in use before: 228.9 MB.
System memory in use after: 229.1 MB.

Unloading 5 unused Assets to reduce memory usage. Loaded Objects now: 3943.
Total: 2.001100 ms (FindLiveObjects: 0.269500 ms CreateObjectMapping: 0.144400 ms MarkObjects: 1.573400 ms  DeleteObjects: 0.012700 ms)

========================================================================
Received Import Request.
  Time since last request: 1675.271955 seconds.
  path: Assets/Scripts/World/DisappearingBlocks.cs
  artifactKey: Guid(3c9aafa8b5e9ba14da2fb3c25354cc06) Importer(815301076,1909f56bfc062723c751e8b465ee728b)
Start importing Assets/Scripts/World/DisappearingBlocks.cs using Guid(3c9aafa8b5e9ba14da2fb3c25354cc06) Importer(815301076,1909f56bfc062723c751e8b465ee728b)  -> (artifact id: '2aed5eb54a129b705e850c4b4953b8d4') in 0.032697 seconds
  Import took 0.036982 seconds .

========================================================================
Received Import Request.
  Time since last request: 0.003664 seconds.
  path: Assets/Scripts/World/DisappearingBlocks.cs
  artifactKey: Guid(3c9aafa8b5e9ba14da2fb3c25354cc06) Importer(815301076,1909f56bfc062723c751e8b465ee728b)
Start importing Assets/Scripts/World/DisappearingBlocks.cs using Guid(3c9aafa8b5e9ba14da2fb3c25354cc06) Importer(815301076,1909f56bfc062723c751e8b465ee728b)  -> (artifact id: '2aed5eb54a129b705e850c4b4953b8d4') in 0.001114 seconds
  Import took 0.006100 seconds .

========================================================================
Received Import Request.
  Time since last request: 1.102913 seconds.
  path: Assets/Scripts/World/MovingBlock.cs
  artifactKey: Guid(fd4d605082576a941a3f816b816776f4) Importer(815301076,1909f56bfc062723c751e8b465ee728b)
Start importing Assets/Scripts/World/MovingBlock.cs using Guid(fd4d605082576a941a3f816b816776f4) Importer(815301076,1909f56bfc062723c751e8b465ee728b)  -> (artifact id: '3baa279eb2277a403c0dd612fd907d37') in 0.003609 seconds
  Import took 0.008114 seconds .

========================================================================
Received Import Request.
  Time since last request: 0.006111 seconds.
  path: Assets/Scripts/World/MovingBlock.cs
  artifactKey: Guid(fd4d605082576a941a3f816b816776f4) Importer(815301076,1909f56bfc062723c751e8b465ee728b)
Start importing Assets/Scripts/World/MovingBlock.cs using Guid(fd4d605082576a941a3f816b816776f4) Importer(815301076,1909f56bfc062723c751e8b465ee728b)  -> (artifact id: '3baa279eb2277a403c0dd612fd907d37') in 0.001038 seconds
  Import took 0.005355 seconds .

========================================================================
Received Prepare
Registering precompiled user dll's ...
Registered in 0.001016 seconds.
Begin MonoManager ReloadAssembly
Native extension for WindowsStandalone target not found
Refreshing native plugins compatible for Editor in 0.48 ms, found 0 plugins.
Preloading 0 native plugins for Editor in 0.00 ms.
Invoked RoslynAnalysisRunner static constructor.
RoslynAnalysisRunner will not be running.
RoslynAnalysisRunner has terminated.
Mono: successfully reloaded assembly
- Completed reload, in  0.898 seconds
Platform modules already initialized, skipping
Refreshing native plugins compatible for Editor in 0.46 ms, found 0 plugins.
Preloading 0 native plugins for Editor in 0.00 ms.
Unloading 3178 Unused Serialized files (Serialized files now loaded: 0)
System memory in use before: 228.9 MB.
System memory in use after: 229.1 MB.

Unloading 5 unused Assets to reduce memory usage. Loaded Objects now: 3946.
Total: 2.185700 ms (FindLiveObjects: 0.257000 ms CreateObjectMapping: 0.116300 ms MarkObjects: 1.796600 ms  DeleteObjects: 0.014800 ms)

========================================================================
Received Import Request.
  Time since last request: 183.248934 seconds.
  path: Assets/Scenes/Level 17.unity
  artifactKey: Guid(7d3f242ce75a0294e96f4e456196cecc) Importer(815301076,1909f56bfc062723c751e8b465ee728b)
Start importing Assets/Scenes/Level 17.unity using Guid(7d3f242ce75a0294e96f4e456196cecc) Importer(815301076,1909f56bfc062723c751e8b465ee728b)  -> (artifact id: '377f90a70b925abb0184268ba7351f54') in 0.020709 seconds
  Import took 0.025323 seconds .

========================================================================
Received Import Request.
  Time since last request: 9.276983 seconds.
  path: Assets/Scenes/Level 19.unity
  artifactKey: Guid(bca702eef418e814d9e58922d0489774) Importer(815301076,1909f56bfc062723c751e8b465ee728b)
Start importing Assets/Scenes/Level 19.unity using Guid(bca702eef418e814d9e58922d0489774) Importer(815301076,1909f56bfc062723c751e8b465ee728b)  -> (artifact id: 'a8edba772b11c443919f677f34293f92') in 0.004975 seconds
  Import took 0.009250 seconds .

========================================================================
Received Import Request.
  Time since last request: 9.265842 seconds.
  path: Assets/Scenes/Level 20.unity
  artifactKey: Guid(8f761811c32241f4a9f1875abe0eb99d) Importer(815301076,1909f56bfc062723c751e8b465ee728b)
Start importing Assets/Scenes/Level 20.unity using Guid(8f761811c32241f4a9f1875abe0eb99d) Importer(815301076,1909f56bfc062723c751e8b465ee728b)  -> (artifact id: 'eeba77f38f5a7619e7b5dfaedb54981d') in 0.005169 seconds
  Import took 0.009605 seconds .

========================================================================
Received Import Request.
  Time since last request: 6.099170 seconds.
  path: Assets/Scenes/Level 18.unity
  artifactKey: Guid(bca702eef418e814d9e58922d0489774) Importer(815301076,1909f56bfc062723c751e8b465ee728b)
Start importing Assets/Scenes/Level 18.unity using Guid(bca702eef418e814d9e58922d0489774) Importer(815301076,1909f56bfc062723c751e8b465ee728b)  -> (artifact id: '5ef70162e4f038f3fddcd8c60f45eed5') in 0.001306 seconds
  Import took 0.005866 seconds .

========================================================================
Received Import Request.
  Time since last request: 0.003737 seconds.
  path: Assets/Scenes/Level 18.unity
  artifactKey: Guid(bca702eef418e814d9e58922d0489774) Importer(815301076,1909f56bfc062723c751e8b465ee728b)
Start importing Assets/Scenes/Level 18.unity using Guid(bca702eef418e814d9e58922d0489774) Importer(815301076,1909f56bfc062723c751e8b465ee728b)  -> (artifact id: '5ef70162e4f038f3fddcd8c60f45eed5') in 0.001168 seconds
  Import took 0.005755 seconds .

========================================================================
Received Import Request.
  Time since last request: 4.551083 seconds.
  path: Assets/Scenes/Level 19.unity
  artifactKey: Guid(8f761811c32241f4a9f1875abe0eb99d) Importer(815301076,1909f56bfc062723c751e8b465ee728b)
Start importing Assets/Scenes/Level 19.unity using Guid(8f761811c32241f4a9f1875abe0eb99d) Importer(815301076,1909f56bfc062723c751e8b465ee728b)  -> (artifact id: '23ba6d13f3ae6d8b1a003d9dcd59d962') in 0.001337 seconds
  Import took 0.006099 seconds .

========================================================================
Received Import Request.
  Time since last request: 0.000348 seconds.
  path: Assets/Scenes/Level 19.unity
  artifactKey: Guid(8f761811c32241f4a9f1875abe0eb99d) Importer(815301076,1909f56bfc062723c751e8b465ee728b)
Start importing Assets/Scenes/Level 19.unity using Guid(8f761811c32241f4a9f1875abe0eb99d) Importer(815301076,1909f56bfc062723c751e8b465ee728b)  -> (artifact id: '23ba6d13f3ae6d8b1a003d9dcd59d962') in 0.001290 seconds
  Import took 0.005522 seconds .

========================================================================
Received Import Request.
  Time since last request: 29.814018 seconds.
  path: Assets/Scenes/20.unity
  artifactKey: Guid(bca702eef418e814d9e58922d0489774) Importer(815301076,1909f56bfc062723c751e8b465ee728b)
Start importing Assets/Scenes/20.unity using Guid(bca702eef418e814d9e58922d0489774) Importer(815301076,1909f56bfc062723c751e8b465ee728b)  -> (artifact id: 'b748a0ad38d005eb614f3e20cdcbe49d') in 0.005402 seconds
  Import took 0.010160 seconds .

========================================================================
Received Prepare
Registering precompiled user dll's ...
Registered in 0.001053 seconds.
Begin MonoManager ReloadAssembly
Native extension for WindowsStandalone target not found
Refreshing native plugins compatible for Editor in 0.45 ms, found 0 plugins.
Preloading 0 native plugins for Editor in 0.00 ms.
Invoked RoslynAnalysisRunner static constructor.
RoslynAnalysisRunner will not be running.
RoslynAnalysisRunner has terminated.
Mono: successfully reloaded assembly
- Completed reload, in  0.882 seconds
Platform modules already initialized, skipping
Refreshing native plugins compatible for Editor in 0.72 ms, found 0 plugins.
Preloading 0 native plugins for Editor in 0.00 ms.
Unloading 3178 Unused Serialized files (Serialized files now loaded: 0)
System memory in use before: 229.0 MB.
System memory in use after: 229.2 MB.

Unloading 5 unused Assets to reduce memory usage. Loaded Objects now: 3949.
Total: 2.188500 ms (FindLiveObjects: 0.246200 ms CreateObjectMapping: 0.120000 ms MarkObjects: 1.808900 ms  DeleteObjects: 0.012500 ms)

========================================================================
Received Import Request.
  Time since last request: 150.850818 seconds.
  path: Assets/Scenes/17.unity
  artifactKey: Guid(8f761811c32241f4a9f1875abe0eb99d) Importer(815301076,1909f56bfc062723c751e8b465ee728b)
Start importing Assets/Scenes/17.unity using Guid(8f761811c32241f4a9f1875abe0eb99d) Importer(815301076,1909f56bfc062723c751e8b465ee728b)  -> (artifact id: '4ce616119f4f272c1889629303f296fd') in 0.022160 seconds
  Import took 0.026565 seconds .

========================================================================
Received Import Request.
  Time since last request: 5.998956 seconds.
  path: Assets/Scenes/Level 18.unity
  artifactKey: Guid(7d3f242ce75a0294e96f4e456196cecc) Importer(815301076,1909f56bfc062723c751e8b465ee728b)
Start importing Assets/Scenes/Level 18.unity using Guid(7d3f242ce75a0294e96f4e456196cecc) Importer(815301076,1909f56bfc062723c751e8b465ee728b)  -> (artifact id: 'e4ac80ae4cd648f1bb3470da71b14fa8') in 0.001433 seconds
  Import took 0.006281 seconds .

========================================================================
Received Import Request.
  Time since last request: 0.000615 seconds.
  path: Assets/Scenes/Level 18.unity
  artifactKey: Guid(7d3f242ce75a0294e96f4e456196cecc) Importer(815301076,1909f56bfc062723c751e8b465ee728b)
Start importing Assets/Scenes/Level 18.unity using Guid(7d3f242ce75a0294e96f4e456196cecc) Importer(815301076,1909f56bfc062723c751e8b465ee728b)  -> (artifact id: 'e4ac80ae4cd648f1bb3470da71b14fa8') in 0.001402 seconds
  Import took 0.006201 seconds .

========================================================================
Received Import Request.
  Time since last request: 9.841482 seconds.
  path: Assets/Scenes/Level 17.unity
  artifactKey: Guid(8f761811c32241f4a9f1875abe0eb99d) Importer(815301076,1909f56bfc062723c751e8b465ee728b)
Start importing Assets/Scenes/Level 17.unity using Guid(8f761811c32241f4a9f1875abe0eb99d) Importer(815301076,1909f56bfc062723c751e8b465ee728b)  -> (artifact id: '99bcca8d60b4d0eccf9c67f3a7ac0b31') in 0.001432 seconds
  Import took 0.005980 seconds .

AssetImportWorkerClient::OnTransportError - code=2 error=End of file
